<?xml version="1.0" encoding="UTF-8"?>
<testsuites>
  <testsuite name="" tests="21" assertions="37" errors="0" warnings="0" failures="0" skipped="0" time="1.187642">
    <testsuite name="ModeloBundle Test Suite" tests="21" assertions="37" errors="0" warnings="0" failures="0" skipped="0" time="1.187642">
      <testsuite name="Choosit\ModeloBundle\Tests\Integration\KernelTest" file="/home/vivien/projects/modelo-bundle/tests/Integration/KernelTest.php" tests="3" assertions="10" errors="0" warnings="0" failures="0" skipped="0" time="0.954354">
        <testcase name="testLoadedEmptyConfig" class="Choosit\ModeloBundle\Tests\Integration\KernelTest" classname="Choosit.ModeloBundle.Tests.Integration.KernelTest" file="/home/vivien/projects/modelo-bundle/tests/Integration/KernelTest.php" line="54" assertions="2" time="0.323492"/>
        <testcase name="testLoadedBaseConfig" class="Choosit\ModeloBundle\Tests\Integration\KernelTest" classname="Choosit.ModeloBundle.Tests.Integration.KernelTest" file="/home/vivien/projects/modelo-bundle/tests/Integration/KernelTest.php" line="39" assertions="5" time="0.394792"/>
        <testcase name="testLoadedMinimalConfig" class="Choosit\ModeloBundle\Tests\Integration\KernelTest" classname="Choosit.ModeloBundle.Tests.Integration.KernelTest" file="/home/vivien/projects/modelo-bundle/tests/Integration/KernelTest.php" line="62" assertions="3" time="0.236070"/>
      </testsuite>
      <testsuite name="Choosit\ModeloBundle\Tests\DependencyInjection\ModeloExtensionTest" file="/home/vivien/projects/modelo-bundle/tests/DependencyInjection/ModeloExtensionTest.php" tests="3" assertions="6" errors="0" warnings="0" failures="0" skipped="0" time="0.182485">
        <testcase name="testLoadMinimalConfiguration" class="Choosit\ModeloBundle\Tests\DependencyInjection\ModeloExtensionTest" classname="Choosit.ModeloBundle.Tests.DependencyInjection.ModeloExtensionTest" file="/home/vivien/projects/modelo-bundle/tests/DependencyInjection/ModeloExtensionTest.php" line="67" assertions="2" time="0.079944"/>
        <testcase name="testLoadBaseConfiguration" class="Choosit\ModeloBundle\Tests\DependencyInjection\ModeloExtensionTest" classname="Choosit.ModeloBundle.Tests.DependencyInjection.ModeloExtensionTest" file="/home/vivien/projects/modelo-bundle/tests/DependencyInjection/ModeloExtensionTest.php" line="20" assertions="2" time="0.078922"/>
        <testcase name="testLoadEmptyConfiguration" class="Choosit\ModeloBundle\Tests\DependencyInjection\ModeloExtensionTest" classname="Choosit.ModeloBundle.Tests.DependencyInjection.ModeloExtensionTest" file="/home/vivien/projects/modelo-bundle/tests/DependencyInjection/ModeloExtensionTest.php" line="47" assertions="2" time="0.023619"/>
      </testsuite>
      <testsuite name="Choosit\ModeloBundle\Tests\Unit\XmlProcessorTest" file="/home/vivien/projects/modelo-bundle/tests/Unit/XmlProcessorTest.php" tests="3" assertions="3" errors="0" warnings="0" failures="0" skipped="0" time="0.006888">
        <testsuite name="Choosit\ModeloBundle\Tests\Unit\XmlProcessorTest::testPhpToXmlShouldReturnWellFormedXml" tests="1" assertions="1" errors="0" warnings="0" failures="0" skipped="0" time="0.005609">
          <testcase name="testPhpToXmlShouldReturnWellFormedXml with data set &quot;simple-php-array&quot;" class="Choosit\ModeloBundle\Tests\Unit\XmlProcessorTest" classname="Choosit.ModeloBundle.Tests.Unit.XmlProcessorTest" file="/home/vivien/projects/modelo-bundle/tests/Unit/XmlProcessorTest.php" line="103" assertions="1" time="0.005609"/>
        </testsuite>
        <testsuite name="Choosit\ModeloBundle\Tests\Unit\XmlProcessorTest::testXmlToPhpShouldReturnWellFormedPhpArray" tests="2" assertions="2" errors="0" warnings="0" failures="0" skipped="0" time="0.001278">
          <testcase name="testXmlToPhpShouldReturnWellFormedPhpArray with data set &quot;simple-xml&quot;" class="Choosit\ModeloBundle\Tests\Unit\XmlProcessorTest" classname="Choosit.ModeloBundle.Tests.Unit.XmlProcessorTest" file="/home/vivien/projects/modelo-bundle/tests/Unit/XmlProcessorTest.php" line="114" assertions="1" time="0.000660"/>
          <testcase name="testXmlToPhpShouldReturnWellFormedPhpArray with data set &quot;xml-with-attributes&quot;" class="Choosit\ModeloBundle\Tests\Unit\XmlProcessorTest" classname="Choosit.ModeloBundle.Tests.Unit.XmlProcessorTest" file="/home/vivien/projects/modelo-bundle/tests/Unit/XmlProcessorTest.php" line="114" assertions="1" time="0.000618"/>
        </testsuite>
      </testsuite>
      <testsuite name="Choosit\ModeloBundle\Tests\Unit\ModeloHttpClientTest" file="/home/vivien/projects/modelo-bundle/tests/Unit/ModeloHttpClientTest.php" tests="12" assertions="18" errors="0" warnings="0" failures="0" skipped="0" time="0.043915">
        <testcase name="testServiceWithAuthkeyShouldReturnAuthkey" class="Choosit\ModeloBundle\Tests\Unit\ModeloHttpClientTest" classname="Choosit.ModeloBundle.Tests.Unit.ModeloHttpClientTest" file="/home/vivien/projects/modelo-bundle/tests/Unit/ModeloHttpClientTest.php" line="187" assertions="1" time="0.002727"/>
        <testsuite name="Choosit\ModeloBundle\Tests\Unit\ModeloHttpClientTest::testCreateContratFromExistentModelShouldReturnString" tests="2" assertions="2" errors="0" warnings="0" failures="0" skipped="0" time="0.016142">
          <testcase name="testCreateContratFromExistentModelShouldReturnString with data set &quot;model&quot;" class="Choosit\ModeloBundle\Tests\Unit\ModeloHttpClientTest" classname="Choosit.ModeloBundle.Tests.Unit.ModeloHttpClientTest" file="/home/vivien/projects/modelo-bundle/tests/Unit/ModeloHttpClientTest.php" line="225" assertions="1" time="0.013781"/>
          <testcase name="testCreateContratFromExistentModelShouldReturnString with data set &quot;doctype&quot;" class="Choosit\ModeloBundle\Tests\Unit\ModeloHttpClientTest" classname="Choosit.ModeloBundle.Tests.Unit.ModeloHttpClientTest" file="/home/vivien/projects/modelo-bundle/tests/Unit/ModeloHttpClientTest.php" line="225" assertions="1" time="0.002360"/>
        </testsuite>
        <testsuite name="Choosit\ModeloBundle\Tests\Unit\ModeloHttpClientTest::testDisableContractShouldReturnNoticeMessage" tests="1" assertions="1" errors="0" warnings="0" failures="0" skipped="0" time="0.001183">
          <testcase name="testDisableContractShouldReturnNoticeMessage with data set &quot;disable-contract-success&quot;" class="Choosit\ModeloBundle\Tests\Unit\ModeloHttpClientTest" classname="Choosit.ModeloBundle.Tests.Unit.ModeloHttpClientTest" file="/home/vivien/projects/modelo-bundle/tests/Unit/ModeloHttpClientTest.php" line="312" assertions="1" time="0.001183"/>
        </testsuite>
        <testsuite name="Choosit\ModeloBundle\Tests\Unit\ModeloHttpClientTest::testGetContractFilledContentShouldReturnContentAsArray" tests="1" assertions="1" errors="0" warnings="0" failures="0" skipped="0" time="0.001102">
          <testcase name="testGetContractFilledContentShouldReturnContentAsArray with data set &quot;content-filled&quot;" class="Choosit\ModeloBundle\Tests\Unit\ModeloHttpClientTest" classname="Choosit.ModeloBundle.Tests.Unit.ModeloHttpClientTest" file="/home/vivien/projects/modelo-bundle/tests/Unit/ModeloHttpClientTest.php" line="244" assertions="1" time="0.001102"/>
        </testsuite>
        <testsuite name="Choosit\ModeloBundle\Tests\Unit\ModeloHttpClientTest::testCreateContratFromNonExistentModelShouldThrowModelNotFound" tests="2" assertions="4" errors="0" warnings="0" failures="0" skipped="0" time="0.003271">
          <testcase name="testCreateContratFromNonExistentModelShouldThrowModelNotFound with data set &quot;model&quot;" class="Choosit\ModeloBundle\Tests\Unit\ModeloHttpClientTest" classname="Choosit.ModeloBundle.Tests.Unit.ModeloHttpClientTest" file="/home/vivien/projects/modelo-bundle/tests/Unit/ModeloHttpClientTest.php" line="212" assertions="2" time="0.002009"/>
          <testcase name="testCreateContratFromNonExistentModelShouldThrowModelNotFound with data set &quot;doctype&quot;" class="Choosit\ModeloBundle\Tests\Unit\ModeloHttpClientTest" classname="Choosit.ModeloBundle.Tests.Unit.ModeloHttpClientTest" file="/home/vivien/projects/modelo-bundle/tests/Unit/ModeloHttpClientTest.php" line="212" assertions="2" time="0.001262"/>
        </testsuite>
        <testsuite name="Choosit\ModeloBundle\Tests\Unit\ModeloHttpClientTest::testAnyRequestWithTechnicalIssueShouldThrowException" tests="3" assertions="6" errors="0" warnings="0" failures="0" skipped="0" time="0.004205">
          <testcase name="testAnyRequestWithTechnicalIssueShouldThrowException with data set &quot;authentication&quot;" class="Choosit\ModeloBundle\Tests\Unit\ModeloHttpClientTest" classname="Choosit.ModeloBundle.Tests.Unit.ModeloHttpClientTest" file="/home/vivien/projects/modelo-bundle/tests/Unit/ModeloHttpClientTest.php" line="198" assertions="2" time="0.001591"/>
          <testcase name="testAnyRequestWithTechnicalIssueShouldThrowException with data set &quot;technical&quot;" class="Choosit\ModeloBundle\Tests\Unit\ModeloHttpClientTest" classname="Choosit.ModeloBundle.Tests.Unit.ModeloHttpClientTest" file="/home/vivien/projects/modelo-bundle/tests/Unit/ModeloHttpClientTest.php" line="198" assertions="2" time="0.001276"/>
          <testcase name="testAnyRequestWithTechnicalIssueShouldThrowException with data set &quot;unauthorized&quot;" class="Choosit\ModeloBundle\Tests\Unit\ModeloHttpClientTest" classname="Choosit.ModeloBundle.Tests.Unit.ModeloHttpClientTest" file="/home/vivien/projects/modelo-bundle/tests/Unit/ModeloHttpClientTest.php" line="198" assertions="2" time="0.001338"/>
        </testsuite>
        <testcase name="testServiceWithoutAuthkeyMustThrowAuthkeyMisingException" class="Choosit\ModeloBundle\Tests\Unit\ModeloHttpClientTest" classname="Choosit.ModeloBundle.Tests.Unit.ModeloHttpClientTest" file="/home/vivien/projects/modelo-bundle/tests/Unit/ModeloHttpClientTest.php" line="179" assertions="2" time="0.000463"/>
        <testsuite name="Choosit\ModeloBundle\Tests\Unit\ModeloHttpClientTest::testGetAllModelFieldsShouldReturnFieldsAsArray" tests="1" assertions="1" errors="0" warnings="0" failures="0" skipped="0" time="0.014822">
          <testcase name="testGetAllModelFieldsShouldReturnFieldsAsArray with data set &quot;all-model-fields&quot;" class="Choosit\ModeloBundle\Tests\Unit\ModeloHttpClientTest" classname="Choosit.ModeloBundle.Tests.Unit.ModeloHttpClientTest" file="/home/vivien/projects/modelo-bundle/tests/Unit/ModeloHttpClientTest.php" line="298" assertions="1" time="0.014822"/>
        </testsuite>
      </testsuite>
    </testsuite>
  </testsuite>
</testsuites>
